<?xml version="1.0" encoding="UTF-8"?>
<testsuites name="TxMA PII Data Tests" tests="4" failures="1" errors="0" time="54.589">
  <testsuite name="Athena Query SQL generation and execution" errors="0" failures="1" skipped="0" timestamp="2022-12-07T10:44:17" time="54.458" tests="4">
    <testcase classname="Athena Query SQL generation and execution,Query SQL generation and execution successful Successful Athena processing - requests having only data paths" name="Athena Query SQL generation and execution,Query SQL generation and execution successful Successful Athena processing - requests having only data paths" time="16.469">
    </testcase>
    <testcase classname="Athena Query SQL generation and execution,Query SQL generation and execution successful Successful Athena processing - requests having only PII type" name="Athena Query SQL generation and execution,Query SQL generation and execution successful Successful Athena processing - requests having only PII type" time="17.69">
    </testcase>
    <testcase classname="Athena Query SQL generation and execution,Query SQL generation and execution successful Successful Athena processing - requests having both data paths and PII types" name="Athena Query SQL generation and execution,Query SQL generation and execution successful Successful Athena processing - requests having both data paths and PII types" time="16.183">
    </testcase>
    <testcase classname="Athena Query SQL generation and execution,Query execution unsuccessful Lambda should error if ticket details are not in Dynamodb" name="Athena Query SQL generation and execution,Query execution unsuccessful Lambda should error if ticket details are not in Dynamodb" time="0">
      <failure>Error: thrown: &quot;Creating Zendesk ticket failed&quot;
    at /Users/mabon/code/work/deloitte-gds/di-txma-ticf-integration/integration-tests/tests/athenaQuery.spec.ts:203:5
    at _dispatchDescribe (/Users/mabon/code/work/deloitte-gds/di-txma-ticf-integration/.yarn/cache/jest-circus-npm-28.1.3-cd59c17100-b635e60a9c.zip/node_modules/jest-circus/build/index.js:105:26)
    at describe (/Users/mabon/code/work/deloitte-gds/di-txma-ticf-integration/.yarn/cache/jest-circus-npm-28.1.3-cd59c17100-b635e60a9c.zip/node_modules/jest-circus/build/index.js:60:5)
    at /Users/mabon/code/work/deloitte-gds/di-txma-ticf-integration/integration-tests/tests/athenaQuery.spec.ts:200:3
    at _dispatchDescribe (/Users/mabon/code/work/deloitte-gds/di-txma-ticf-integration/.yarn/cache/jest-circus-npm-28.1.3-cd59c17100-b635e60a9c.zip/node_modules/jest-circus/build/index.js:105:26)
    at describe (/Users/mabon/code/work/deloitte-gds/di-txma-ticf-integration/.yarn/cache/jest-circus-npm-28.1.3-cd59c17100-b635e60a9c.zip/node_modules/jest-circus/build/index.js:60:5)
    at Object.&lt;anonymous&gt; (/Users/mabon/code/work/deloitte-gds/di-txma-ticf-integration/integration-tests/tests/athenaQuery.spec.ts:32:1)
    at Runtime._execModule (/Users/mabon/code/work/deloitte-gds/di-txma-ticf-integration/.yarn/cache/jest-runtime-npm-28.1.3-15fdfa887e-b17c40af85.zip/node_modules/jest-runtime/build/index.js:1714:24)
    at Runtime._loadModule (/Users/mabon/code/work/deloitte-gds/di-txma-ticf-integration/.yarn/cache/jest-runtime-npm-28.1.3-15fdfa887e-b17c40af85.zip/node_modules/jest-runtime/build/index.js:1223:12)
    at Runtime.requireModule (/Users/mabon/code/work/deloitte-gds/di-txma-ticf-integration/.yarn/cache/jest-runtime-npm-28.1.3-15fdfa887e-b17c40af85.zip/node_modules/jest-runtime/build/index.js:1047:12)</failure>
    </testcase>
    <testcase classname=" Test execution failure: could be caused by test hooks like &apos;afterAll&apos;." name=" Test execution failure: could be caused by test hooks like &apos;afterAll&apos;." time="0">
      <failure>{&quot;message&quot;:&quot;&quot;,&quot;stack&quot;:&quot;Error: thrown: \&quot;Deleting Zendesk ticket failed\&quot;\n    at /Users/mabon/code/work/deloitte-gds/di-txma-ticf-integration/integration-tests/tests/athenaQuery.spec.ts:207:5\n    at _dispatchDescribe (/Users/mabon/code/work/deloitte-gds/di-txma-ticf-integration/.yarn/cache/jest-circus-npm-28.1.3-cd59c17100-b635e60a9c.zip/node_modules/jest-circus/build/index.js:105:26)\n    at describe (/Users/mabon/code/work/deloitte-gds/di-txma-ticf-integration/.yarn/cache/jest-circus-npm-28.1.3-cd59c17100-b635e60a9c.zip/node_modules/jest-circus/build/index.js:60:5)\n    at /Users/mabon/code/work/deloitte-gds/di-txma-ticf-integration/integration-tests/tests/athenaQuery.spec.ts:200:3\n    at _dispatchDescribe (/Users/mabon/code/work/deloitte-gds/di-txma-ticf-integration/.yarn/cache/jest-circus-npm-28.1.3-cd59c17100-b635e60a9c.zip/node_modules/jest-circus/build/index.js:105:26)\n    at describe (/Users/mabon/code/work/deloitte-gds/di-txma-ticf-integration/.yarn/cache/jest-circus-npm-28.1.3-cd59c17100-b635e60a9c.zip/node_modules/jest-circus/build/index.js:60:5)\n    at Object.&lt;anonymous&gt; (/Users/mabon/code/work/deloitte-gds/di-txma-ticf-integration/integration-tests/tests/athenaQuery.spec.ts:32:1)\n    at Runtime._execModule (/Users/mabon/code/work/deloitte-gds/di-txma-ticf-integration/.yarn/cache/jest-runtime-npm-28.1.3-15fdfa887e-b17c40af85.zip/node_modules/jest-runtime/build/index.js:1714:24)\n    at Runtime._loadModule (/Users/mabon/code/work/deloitte-gds/di-txma-ticf-integration/.yarn/cache/jest-runtime-npm-28.1.3-15fdfa887e-b17c40af85.zip/node_modules/jest-runtime/build/index.js:1223:12)\n    at Runtime.requireModule (/Users/mabon/code/work/deloitte-gds/di-txma-ticf-integration/.yarn/cache/jest-runtime-npm-28.1.3-15fdfa887e-b17c40af85.zip/node_modules/jest-runtime/build/index.js:1047:12)&quot;}</failure>
    </testcase>
  </testsuite>
</testsuites>